2023.08.14 18:43:31 INFO  Started: Metals version 1.0.0 in folders '/Users/ravija/Desktop/2nd Year Semester I/Functional Programming/Scala/Tutorial 08' for client Visual Studio Code 1.81.0.
Aug 14, 2023 6:43:32 PM org.flywaydb.core.internal.license.VersionPrinter printVersionOnly
INFO: Flyway Community Edition 9.20.1 by Redgate
Aug 14, 2023 6:43:32 PM org.flywaydb.core.internal.license.VersionPrinter printVersion
INFO: See release notes here: https://rd.gt/416ObMi
Aug 14, 2023 6:43:32 PM org.flywaydb.core.internal.license.VersionPrinter printVersion
INFO: 
Aug 14, 2023 6:43:32 PM org.flywaydb.core.internal.database.base.BaseDatabaseType createDatabase
INFO: Database: jdbc:h2:file:/Users/ravija/Desktop/2nd Year Semester I/Functional Programming/Scala/Tutorial 08/.metals/metals (H2 2.1)
Aug 14, 2023 6:43:32 PM org.flywaydb.core.internal.schemahistory.JdbcTableSchemaHistory allAppliedMigrations
INFO: Schema history table "PUBLIC"."flyway_schema_history" does not exist yet
Aug 14, 2023 6:43:32 PM org.flywaydb.core.internal.command.DbValidate validate
INFO: Successfully validated 4 migrations (execution time 00:00.015s)
Aug 14, 2023 6:43:32 PM org.flywaydb.core.internal.schemahistory.JdbcTableSchemaHistory create
INFO: Creating Schema History table "PUBLIC"."flyway_schema_history" ...
Aug 14, 2023 6:43:32 PM org.flywaydb.core.internal.command.DbMigrate migrateGroup
INFO: Current version of schema "PUBLIC": << Empty Schema >>
Aug 14, 2023 6:43:32 PM org.flywaydb.core.internal.command.DbMigrate doMigrateGroup
INFO: Migrating schema "PUBLIC" to version "1 - Create tables"
Aug 14, 2023 6:43:32 PM org.flywaydb.core.internal.command.DbMigrate doMigrateGroup
INFO: Migrating schema "PUBLIC" to version "2 - Server discovery"
Aug 14, 2023 6:43:32 PM org.flywaydb.core.internal.command.DbMigrate doMigrateGroup
INFO: Migrating schema "PUBLIC" to version "3 - Jar symbols"
Aug 14, 2023 6:43:32 PM org.flywaydb.core.internal.command.DbMigrate doMigrateGroup
INFO: Migrating schema "PUBLIC" to version "4 - Fingerprints"
Aug 14, 2023 6:43:32 PM org.flywaydb.core.internal.command.DbMigrate logSummary
INFO: Successfully applied 4 migrations to schema "PUBLIC", now at version v4 (execution time 00:00.037s)
2023.08.14 18:43:32 INFO  time: initialize in 0.75s
2023.08.14 18:43:38 WARN  no build target for: /Users/ravija/Desktop/2nd Year Semester I/Functional Programming/Scala/Tutorial 08/Q01.scala
2023.08.14 18:43:39 INFO  Running List(/Users/ravija/Library/Application Support/Coursier/bin/scala-cli, setup-ide, /Users/ravija/Desktop/2nd Year Semester I/Functional Programming/Scala/Tutorial 08)
2023.08.14 18:43:39 INFO  Attempting to connect to the build server...
2023.08.14 18:43:38 INFO  Attempting to connect to the build server...
2023.08.14 18:43:39 INFO  Running BSP server List(/Users/ravija/Library/Application Support/Coursier/bin/.scala-cli.aux, bsp, --json-options, /Users/ravija/Desktop/2nd Year Semester I/Functional Programming/Scala/Tutorial 08/.scala-build/ide-options-v2.json, /Users/ravija/Desktop/2nd Year Semester I/Functional Programming/Scala/Tutorial 08)
2023.08.14 18:43:39 INFO  Running BSP server List(/Users/ravija/Library/Application Support/Coursier/bin/.scala-cli.aux, bsp, --json-options, /Users/ravija/Desktop/2nd Year Semester I/Functional Programming/Scala/Tutorial 08/.scala-build/ide-options-v2.json, /Users/ravija/Desktop/2nd Year Semester I/Functional Programming/Scala/Tutorial 08)
2023.08.14 18:43:39 INFO  tracing is disabled for protocol BSP, to enable tracing of incoming and outgoing JSON messages create an empty file at /Users/ravija/Desktop/2nd Year Semester I/Functional Programming/Scala/Tutorial 08/.metals/bsp.trace.json or /Users/ravija/Library/Caches/org.scalameta.metals/bsp.trace.json
2023.08.14 18:43:39 INFO  tracing is disabled for protocol BSP, to enable tracing of incoming and outgoing JSON messages create an empty file at /Users/ravija/Desktop/2nd Year Semester I/Functional Programming/Scala/Tutorial 08/.metals/bsp.trace.json or /Users/ravija/Library/Caches/org.scalameta.metals/bsp.trace.json
2023.08.14 18:43:43 INFO  BSP server: Checking https://repo1.maven.org/maven2/org/scala-lang/scala-library/
2023.08.14 18:43:43 INFO  BSP server: Checking https://repo1.maven.org/maven2/org/scala-lang/scala-library/
2023.08.14 18:43:43 INFO  BSP server: Checked https://repo1.maven.org/maven2/org/scala-lang/scala-library/
2023.08.14 18:43:43 INFO  BSP server: Checked https://repo1.maven.org/maven2/org/scala-lang/scala-library/
2023.08.14 18:43:43 INFO  BSP server: Checking https://repo1.maven.org/maven2/org/scala-lang/scala-library/maven-metadata.xml
2023.08.14 18:43:43 INFO  BSP server: Checked https://repo1.maven.org/maven2/org/scala-lang/scala-library/maven-metadata.xml
2023.08.14 18:43:43 INFO  BSP server: Checking https://repo1.maven.org/maven2/org/scala-lang/scala-library/maven-metadata.xml
2023.08.14 18:43:43 INFO  BSP server: Checked https://repo1.maven.org/maven2/org/scala-lang/scala-library/maven-metadata.xml
2023.08.14 18:43:43 INFO  BSP server: Checking https://repo1.maven.org/maven2/org/scala-lang/scala3-library_3/
2023.08.14 18:43:43 INFO  BSP server: Checked https://repo1.maven.org/maven2/org/scala-lang/scala3-library_3/
2023.08.14 18:43:43 INFO  BSP server: Downloading https://repo1.maven.org/maven2/org/scala-lang/scala3-library_3/
2023.08.14 18:43:43 INFO  BSP server: Checking https://repo1.maven.org/maven2/org/scala-lang/scala3-library_3/
2023.08.14 18:43:43 INFO  BSP server: Checked https://repo1.maven.org/maven2/org/scala-lang/scala3-library_3/
2023.08.14 18:43:43 INFO  BSP server: Downloading https://repo1.maven.org/maven2/org/scala-lang/scala3-library_3/
2023.08.14 18:43:43 INFO  BSP server: (watching) Downloaded https://repo1.maven.org/maven2/org/scala-lang/scala3-library_3/
2023.08.14 18:43:43 INFO  BSP server: Checking https://repo1.maven.org/maven2/org/scala-lang/scala3-library_3/maven-metadata.xml
2023.08.14 18:43:43 INFO  BSP server: Checked https://repo1.maven.org/maven2/org/scala-lang/scala3-library_3/maven-metadata.xml
2023.08.14 18:43:43 INFO  BSP server: Downloading https://repo1.maven.org/maven2/org/scala-lang/scala3-library_3/maven-metadata.xml
2023.08.14 18:43:43 INFO  BSP server: Downloaded https://repo1.maven.org/maven2/org/scala-lang/scala3-library_3/
2023.08.14 18:43:43 INFO  BSP server: Checking https://repo1.maven.org/maven2/org/scala-lang/scala3-library_3/maven-metadata.xml
2023.08.14 18:43:43 INFO  BSP server: Checked https://repo1.maven.org/maven2/org/scala-lang/scala3-library_3/maven-metadata.xml
2023.08.14 18:43:43 INFO  BSP server: Downloading https://repo1.maven.org/maven2/org/scala-lang/scala3-library_3/maven-metadata.xml
2023.08.14 18:43:43 INFO  BSP server: Downloaded https://repo1.maven.org/maven2/org/scala-lang/scala3-library_3/maven-metadata.xml
2023.08.14 18:43:44 INFO  BSP server: (watching) Downloaded https://repo1.maven.org/maven2/org/scala-lang/scala3-library_3/maven-metadata.xml
2023.08.14 18:43:44 INFO  time: Connected to build server in 5.29s
2023.08.14 18:43:44 INFO  Connected to Build server: scala-cli v1.0.1
2023.08.14 18:43:44 INFO  time: Connected to build server in 5.24s
2023.08.14 18:43:44 INFO  Connected to Build server: scala-cli v1.0.1
2023.08.14 18:43:45 INFO  Deduplicating compilation of project_bd2c96d2de from bsp client 'scala-cli 1.0.1' (since 4.516s)
2023.08.14 18:43:45 INFO  compiling project_bd2c96d2de (1 scala source)
2023.08.14 18:43:45 INFO  compiling project_bd2c96d2de (1 scala source)
2023.08.14 18:43:46 INFO  no build target found for /Users/ravija/Desktop/2nd Year Semester I/Functional Programming/Scala/Tutorial 08/Q01.scala. Using presentation compiler with project's scala-library version: 3.3.0
2023.08.14 18:43:46 INFO  time: code lens generation in 9.23s
2023.08.14 18:43:48 INFO  time: Imported build in 2.65s
2023.08.14 18:43:48 INFO  Deduplicating compilation of project_bd2c96d2de from bsp client 'scala-cli 1.0.1' (since 8.045s)
2023.08.14 18:43:49 INFO  Deduplicating compilation of project_bd2c96d2de-test from bsp client 'scala-cli 1.0.1' (since 8.108s)
2023.08.14 18:43:51 INFO  no build target found for /Users/ravija/Desktop/2nd Year Semester I/Functional Programming/Scala/Tutorial 08/Q01.scala. Using presentation compiler with project's scala-library version: 3.3.0
2023.08.14 18:43:53 INFO  time: code lens generation in 14s
2023.08.14 18:43:58 ERROR error processing file:///Users/ravija/Library/Caches/Coursier/v1/https/repo1.maven.org/maven2/org/scala-lang/scala3-library_3/3.3.0/scala3-library_3-3.3.0-sources.jar
org.h2.jdbc.JdbcSQLIntegrityConstraintViolationException: Unique index or primary key violation: "PUBLIC.PRIMARY_KEY_E ON PUBLIC.INDEXED_JAR(MD5) VALUES ( /* 1 */ 'EA85575F2DC8571379F61A7148AC395A' )"; SQL statement:
insert into indexed_jar (md5) values (?) [23505-214]
	at org.h2.message.DbException.getJdbcSQLException(DbException.java:508)
	at org.h2.message.DbException.getJdbcSQLException(DbException.java:477)
	at org.h2.message.DbException.get(DbException.java:223)
	at org.h2.message.DbException.get(DbException.java:199)
	at org.h2.index.Index.getDuplicateKeyException(Index.java:525)
	at org.h2.mvstore.db.MVSecondaryIndex.checkUnique(MVSecondaryIndex.java:223)
	at org.h2.mvstore.db.MVSecondaryIndex.add(MVSecondaryIndex.java:184)
	at org.h2.mvstore.db.MVTable.addRow(MVTable.java:519)
	at org.h2.command.dml.Insert.insertRows(Insert.java:174)
	at org.h2.command.dml.Insert.update(Insert.java:135)
	at org.h2.command.CommandContainer.executeUpdateWithGeneratedKeys(CommandContainer.java:242)
	at org.h2.command.CommandContainer.update(CommandContainer.java:163)
	at org.h2.command.Command.executeUpdate(Command.java:252)
	at org.h2.jdbc.JdbcPreparedStatement.executeUpdateInternal(JdbcPreparedStatement.java:209)
	at org.h2.jdbc.JdbcPreparedStatement.executeUpdate(JdbcPreparedStatement.java:169)
	at scala.meta.internal.metals.JarTopLevels.putTopLevels(JarTopLevels.scala:86)
	at scala.meta.internal.metals.Indexer.addSourceJarSymbols(Indexer.scala:593)
	at scala.meta.internal.metals.Indexer.$anonfun$indexDependencySources$5(Indexer.scala:447)
	at scala.collection.IterableOnceOps.foreach(IterableOnce.scala:576)
	at scala.collection.IterableOnceOps.foreach$(IterableOnce.scala:574)
	at scala.collection.AbstractIterable.foreach(Iterable.scala:933)
	at scala.collection.IterableOps$WithFilter.foreach(Iterable.scala:903)
	at scala.meta.internal.metals.Indexer.$anonfun$indexDependencySources$1(Indexer.scala:438)
	at scala.meta.internal.metals.Indexer.$anonfun$indexDependencySources$1$adapted(Indexer.scala:437)
	at scala.collection.IterableOnceOps.foreach(IterableOnce.scala:576)
	at scala.collection.IterableOnceOps.foreach$(IterableOnce.scala:574)
	at scala.collection.AbstractIterable.foreach(Iterable.scala:933)
	at scala.meta.internal.metals.Indexer.indexDependencySources(Indexer.scala:437)
	at scala.meta.internal.metals.Indexer.$anonfun$indexWorkspace$22(Indexer.scala:357)
	at scala.runtime.java8.JFunction0$mcV$sp.apply(JFunction0$mcV$sp.scala:18)
	at scala.meta.internal.metals.TimerProvider.timedThunk(TimerProvider.scala:25)
	at scala.meta.internal.metals.Indexer.$anonfun$indexWorkspace$21(Indexer.scala:350)
	at scala.meta.internal.metals.Indexer.$anonfun$indexWorkspace$21$adapted(Indexer.scala:346)
	at scala.collection.immutable.List.foreach(List.scala:333)
	at scala.meta.internal.metals.Indexer.indexWorkspace(Indexer.scala:346)
	at scala.meta.internal.metals.Indexer.$anonfun$profiledIndexWorkspace$2(Indexer.scala:146)
	at scala.runtime.java8.JFunction0$mcV$sp.apply(JFunction0$mcV$sp.scala:18)
	at scala.meta.internal.metals.TimerProvider.timedThunk(TimerProvider.scala:25)
	at scala.meta.internal.metals.Indexer.$anonfun$profiledIndexWorkspace$1(Indexer.scala:146)
	at scala.runtime.java8.JFunction0$mcV$sp.apply(JFunction0$mcV$sp.scala:18)
	at scala.concurrent.Future$.$anonfun$apply$1(Future.scala:687)
	at scala.concurrent.impl.Promise$Transformation.run(Promise.scala:467)
	at java.util.concurrent.ThreadPoolExecutor.runWorker(ThreadPoolExecutor.java:1136)
	at java.util.concurrent.ThreadPoolExecutor$Worker.run(ThreadPoolExecutor.java:635)
	at java.lang.Thread.run(Thread.java:833)

2023.08.14 18:43:58 INFO  time: indexed workspace in 9.57s
2023.08.14 18:43:58 INFO  time: indexed workspace in 7.72s
2023.08.14 18:44:03 WARN  no build target for: /Users/ravija/Desktop/2nd Year Semester I/Functional Programming/Scala/Tutorial 08/Q02.scala
2023.08.14 18:44:03 INFO  Disconnecting from scala-cli session...
2023.08.14 18:44:03 INFO  Deduplicating compilation of project_bd2c96d2de from bsp client 'scala-cli 1.0.1' (since 22.527s)
2023.08.14 18:44:03 INFO  Shut down connection with build server.
2023.08.14 18:44:03 INFO  Attempting to connect to the build server...
2023.08.14 18:44:03 INFO  compiling project_bd2c96d2de (1 scala source)
2023.08.14 18:44:03 INFO  compiling project_bd2c96d2de (1 scala source)
2023.08.14 18:44:03 INFO  Running BSP server List(/Users/ravija/Library/Application Support/Coursier/bin/.scala-cli.aux, bsp, --json-options, /Users/ravija/Desktop/2nd Year Semester I/Functional Programming/Scala/Tutorial 08/.scala-build/ide-options-v2.json, /Users/ravija/Desktop/2nd Year Semester I/Functional Programming/Scala/Tutorial 08)
2023.08.14 18:44:03 INFO  tracing is disabled for protocol BSP, to enable tracing of incoming and outgoing JSON messages create an empty file at /Users/ravija/Desktop/2nd Year Semester I/Functional Programming/Scala/Tutorial 08/.metals/bsp.trace.json or /Users/ravija/Library/Caches/org.scalameta.metals/bsp.trace.json
2023.08.14 18:44:05 INFO  time: compiled project_bd2c96d2de in 1.92s
2023.08.14 18:44:05 INFO  time: Connected to build server in 2.05s
2023.08.14 18:44:05 INFO  Connected to Build server: scala-cli v1.0.1
2023.08.14 18:44:05 INFO  time: Imported build in 0.32s
2023.08.14 18:44:05 INFO  Deduplicating compilation of project_bd2c96d2de from bsp client 'scala-cli 1.0.1' (since 24.93s)
2023.08.14 18:44:05 INFO  compiling project_bd2c96d2de (1 scala source)
2023.08.14 18:44:05 INFO  compiling project_bd2c96d2de (1 scala source)
2023.08.14 18:44:05 INFO  time: compiled project_bd2c96d2de in 0.41s
2023.08.14 18:44:11 INFO  time: indexed workspace in 5.42s
2023.08.14 18:44:18 INFO  Refreshed build after change
2023.08.14 18:44:20 INFO  compiling project_bd2c96d2de (1 scala source)
2023.08.14 18:44:22 INFO  time: compiled project_bd2c96d2de in 2.04s
2023.08.14 18:44:43 INFO  Disconnecting from scala-cli session...
2023.08.14 18:44:43 INFO  Shut down connection with build server.
2023.08.14 18:44:43 INFO  Attempting to connect to the build server...
2023.08.14 18:44:43 INFO  Failed to run request with params InverseSourcesResult
2023.08.14 18:44:43 INFO  Running BSP server List(/Users/ravija/Library/Application Support/Coursier/bin/.scala-cli.aux, bsp, --json-options, /Users/ravija/Desktop/2nd Year Semester I/Functional Programming/Scala/Tutorial 08/.scala-build/ide-options-v2.json, /Users/ravija/Desktop/2nd Year Semester I/Functional Programming/Scala/Tutorial 08)
2023.08.14 18:44:43 INFO  tracing is disabled for protocol BSP, to enable tracing of incoming and outgoing JSON messages create an empty file at /Users/ravija/Desktop/2nd Year Semester I/Functional Programming/Scala/Tutorial 08/.metals/bsp.trace.json or /Users/ravija/Library/Caches/org.scalameta.metals/bsp.trace.json
2023.08.14 18:44:43 INFO  compiling project_bd2c96d2de (1 scala source)
2023.08.14 18:44:43 INFO  time: compiled project_bd2c96d2de in 0.42s
2023.08.14 18:44:44 INFO  time: Connected to build server in 1.24s
2023.08.14 18:44:44 INFO  Connected to Build server: scala-cli v1.0.1
2023.08.14 18:44:45 INFO  compiling project_bd2c96d2de (1 scala source)
2023.08.14 18:44:49 INFO  time: compiled project_bd2c96d2de in 3.72s
2023.08.14 18:44:49 INFO  time: indexed workspace in 4.72s
2023.08.14 18:44:53 INFO  Refreshed build after change
